
 N E X T F L O W   ~  version 24.10.3

Launching `main.nf` [focused_curran] DSL2 - revision: 2b74222de3

[-        ] initial_stats       -
[-        ] deconcat            -
[-        ] demux               -
[-        ] length_filter       -
[-        ] LAST                -
[-        ] extract             -
[-        ] starcode_cluster    -
[-        ] lamassemble_cluster -
[-        ] final_format        -

executor >  local (2)
[06/3a334e] initial_stats (1)   | 0 of 1
[61/970b8b] deconcat (1)        | 0 of 1
[-        ] demux               -
[-        ] length_filter       -
[-        ] LAST                -
[-        ] extract             -
[-        ] starcode_cluster    -
[-        ] lamassemble_cluster -
[-        ] final_format        -

executor >  local (2)
[06/3a334e] initial_stats (1)   | 0 of 1
[61/970b8b] deconcat (1)        | 0 of 1
[-        ] demux               -
[-        ] length_filter       -
[-        ] LAST                -
[-        ] extract             -
[-        ] starcode_cluster    -
[-        ] lamassemble_cluster -
[-        ] final_format        -

executor >  local (3)
[06/3a334e] initial_stats (1)   | 0 of 1
[61/970b8b] deconcat (1)        | 1 of 1 ✔
[28/8b14e5] demux (1)           | 0 of 1
[-        ] length_filter       -
[-        ] LAST                -
[-        ] extract             -
[-        ] starcode_cluster    -
[-        ] lamassemble_cluster -
[-        ] final_format        -

executor >  local (3)
[06/3a334e] initial_stats (1)   | 1 of 1 ✔
[61/970b8b] deconcat (1)        | 1 of 1 ✔
[28/8b14e5] demux (1)           | 0 of 1
[-        ] length_filter       -
[-        ] LAST                -
[-        ] extract             -
[-        ] starcode_cluster    -
[-        ] lamassemble_cluster -
[-        ] final_format        -

executor >  local (11)
[06/3a334e] initial_stats (1)   | 1 of 1 ✔
[61/970b8b] deconcat (1)        | 1 of 1 ✔
[28/8b14e5] demux (1)           | 1 of 1 ✔
[ed/06c4ba] length_filter (5)   | 0 of 9
[-        ] LAST                -
[-        ] extract             -
[-        ] starcode_cluster    -
[-        ] lamassemble_cluster -
[-        ] final_format        -

executor >  local (11)
[06/3a334e] initial_stats (1)   | 1 of 1 ✔
[61/970b8b] deconcat (1)        | 1 of 1 ✔
[28/8b14e5] demux (1)           | 1 of 1 ✔
[ed/06c4ba] length_filter (5)   | 0 of 9
[-        ] LAST                -
[-        ] extract             -
[-        ] starcode_cluster    -
[-        ] lamassemble_cluster -
[-        ] final_format        -

executor >  local (12)
[06/3a334e] initial_stats (1)   | 1 of 1 ✔
[61/970b8b] deconcat (1)        | 1 of 1 ✔
[28/8b14e5] demux (1)           | 1 of 1 ✔
[73/3882c2] length_filter (8)   | 1 of 9
[-        ] LAST                -
[-        ] extract             -
[-        ] starcode_cluster    -
[-        ] lamassemble_cluster -
[-        ] final_format        -

executor >  local (13)
[06/3a334e] initial_stats (1)   | 1 of 1 ✔
[61/970b8b] deconcat (1)        | 1 of 1 ✔
[28/8b14e5] demux (1)           | 1 of 1 ✔
[65/a9b300] length_filter (6)   | 2 of 9
[79/f3952f] LAST (1)            | 0 of 2
[-        ] extract             -
[-        ] starcode_cluster    -
[-        ] lamassemble_cluster -
[-        ] final_format        -

executor >  local (14)
[06/3a334e] initial_stats (1)   | 1 of 1 ✔
[61/970b8b] deconcat (1)        | 1 of 1 ✔
[28/8b14e5] demux (1)           | 1 of 1 ✔
[f1/2c9123] length_filter (7)   | 3 of 9
[da/b46de5] LAST (2)            | 0 of 3
[-        ] extract             -
[-        ] starcode_cluster    -
[-        ] lamassemble_cluster -
[-        ] final_format        -

executor >  local (14)
[06/3a334e] initial_stats (1)   | 1 of 1 ✔
[61/970b8b] deconcat (1)        | 1 of 1 ✔
[28/8b14e5] demux (1)           | 1 of 1 ✔
[f1/2c9123] length_filter (7)   | 3 of 9
[da/b46de5] LAST (2)            | 0 of 3
[-        ] extract             -
[-        ] starcode_cluster    -
[-        ] lamassemble_cluster -
[-        ] final_format        -

executor >  local (15)
[06/3a334e] initial_stats (1)   | 1 of 1 ✔
[61/970b8b] deconcat (1)        | 1 of 1 ✔
[28/8b14e5] demux (1)           | 1 of 1 ✔
[4b/92dcbd] length_filter (3)   | 4 of 9
[8b/c3bd11] LAST (3)            | 0 of 4
[-        ] extract             -
[-        ] starcode_cluster    -
[-        ] lamassemble_cluster -
[-        ] final_format        -

executor >  local (16)
[06/3a334e] initial_stats (1)   | 1 of 1 ✔
[61/970b8b] deconcat (1)        | 1 of 1 ✔
[28/8b14e5] demux (1)           | 1 of 1 ✔
[b2/0bf1fa] length_filter (2)   | 5 of 9
[3b/c78d71] LAST (4)            | 0 of 5
[-        ] extract             -
[-        ] starcode_cluster    -
[-        ] lamassemble_cluster -
[-        ] final_format        -

executor >  local (16)
[06/3a334e] initial_stats (1)   | 1 of 1 ✔
[61/970b8b] deconcat (1)        | 1 of 1 ✔
[28/8b14e5] demux (1)           | 1 of 1 ✔
[b2/0bf1fa] length_filter (2)   | 5 of 9
[3b/c78d71] LAST (4)            | 0 of 5
[-        ] extract             -
[-        ] starcode_cluster    -
[-        ] lamassemble_cluster -
[-        ] final_format        -

executor >  local (17)
[06/3a334e] initial_stats (1)   | 1 of 1 ✔
[61/970b8b] deconcat (1)        | 1 of 1 ✔
[28/8b14e5] demux (1)           | 1 of 1 ✔
[ed/06c4ba] length_filter (5)   | 6 of 9
[36/72ee6d] LAST (5)            | 0 of 6
[-        ] extract             -
[-        ] starcode_cluster    -
[-        ] lamassemble_cluster -
[-        ] final_format        -

executor >  local (17)
[06/3a334e] initial_stats (1)   | 1 of 1 ✔
[61/970b8b] deconcat (1)        | 1 of 1 ✔
[28/8b14e5] demux (1)           | 1 of 1 ✔
[ed/06c4ba] length_filter (5)   | 6 of 9
[36/72ee6d] LAST (5)            | 0 of 6
[-        ] extract             -
[-        ] starcode_cluster    -
[-        ] lamassemble_cluster -
[-        ] final_format        -

executor >  local (18)
[06/3a334e] initial_stats (1)   | 1 of 1 ✔
[61/970b8b] deconcat (1)        | 1 of 1 ✔
[28/8b14e5] demux (1)           | 1 of 1 ✔
[1d/7d7b82] length_filter (9)   | 7 of 9
[9c/43b711] LAST (6)            | 0 of 7
[-        ] extract             -
[-        ] starcode_cluster    -
[-        ] lamassemble_cluster -
[-        ] final_format        -

executor >  local (19)
[06/3a334e] initial_stats (1)   | 1 of 1 ✔
[61/970b8b] deconcat (1)        | 1 of 1 ✔
[28/8b14e5] demux (1)           | 1 of 1 ✔
[fd/a6a39f] length_filter (4)   | 8 of 9
[1c/2d835b] LAST (7)            | 0 of 8
[-        ] extract             -
[-        ] starcode_cluster    -
[-        ] lamassemble_cluster -
[-        ] final_format        -

executor >  local (19)
[06/3a334e] initial_stats (1)   | 1 of 1 ✔
[61/970b8b] deconcat (1)        | 1 of 1 ✔
[28/8b14e5] demux (1)           | 1 of 1 ✔
[fd/a6a39f] length_filter (4)   | 8 of 9
[1c/2d835b] LAST (7)            | 0 of 8
[-        ] extract             -
[-        ] starcode_cluster    -
[-        ] lamassemble_cluster -
[-        ] final_format        -

executor >  local (20)
[06/3a334e] initial_stats (1)   | 1 of 1 ✔
[61/970b8b] deconcat (1)        | 1 of 1 ✔
[28/8b14e5] demux (1)           | 1 of 1 ✔
[10/46f9ac] length_filter (1)   | 9 of 9 ✔
[08/6ceaa1] LAST (8)            | 0 of 9
[-        ] extract             -
[-        ] starcode_cluster    -
[-        ] lamassemble_cluster -
[-        ] final_format        -

executor >  local (20)
[06/3a334e] initial_stats (1)   | 1 of 1 ✔
[61/970b8b] deconcat (1)        | 1 of 1 ✔
[28/8b14e5] demux (1)           | 1 of 1 ✔
[10/46f9ac] length_filter (1)   | 9 of 9 ✔
[08/6ceaa1] LAST (8)            | 0 of 9
[-        ] extract             -
[-        ] starcode_cluster    -
[-        ] lamassemble_cluster -
[-        ] final_format        -

executor >  local (21)
[06/3a334e] initial_stats (1)   | 1 of 1 ✔
[61/970b8b] deconcat (1)        | 1 of 1 ✔
[28/8b14e5] demux (1)           | 1 of 1 ✔
[10/46f9ac] length_filter (1)   | 9 of 9 ✔
[da/b46de5] LAST (2)            | 1 of 9
[-        ] extract             -
[-        ] starcode_cluster    -
[-        ] lamassemble_cluster -
[-        ] final_format        -

executor >  local (21)
[06/3a334e] initial_stats (1)   | 1 of 1 ✔
[61/970b8b] deconcat (1)        | 1 of 1 ✔
[28/8b14e5] demux (1)           | 1 of 1 ✔
[10/46f9ac] length_filter (1)   | 9 of 9 ✔
[da/b46de5] LAST (2)            | 1 of 9
[-        ] extract             | 0 of 1
[-        ] starcode_cluster    -
[-        ] lamassemble_cluster -
[-        ] final_format        -

executor >  local (22)
[06/3a334e] initial_stats (1)   | 1 of 1 ✔
[61/970b8b] deconcat (1)        | 1 of 1 ✔
[28/8b14e5] demux (1)           | 1 of 1 ✔
[10/46f9ac] length_filter (1)   | 9 of 9 ✔
[79/f3952f] LAST (1)            | 2 of 9
[f8/620d1d] extract (1)         | 0 of 2
[-        ] starcode_cluster    -
[-        ] lamassemble_cluster -
[-        ] final_format        -

executor >  local (23)
[06/3a334e] initial_stats (1)   | 1 of 1 ✔
[61/970b8b] deconcat (1)        | 1 of 1 ✔
[28/8b14e5] demux (1)           | 1 of 1 ✔
[10/46f9ac] length_filter (1)   | 9 of 9 ✔
[79/f3952f] LAST (1)            | 2 of 9
[4c/63bf67] extract (2)         | 1 of 2
[-        ] starcode_cluster    | 0 of 1
[-        ] lamassemble_cluster -
[-        ] final_format        -

executor >  local (24)
[06/3a334e] initial_stats (1)    | 1 of 1 ✔
[61/970b8b] deconcat (1)         | 1 of 1 ✔
[28/8b14e5] demux (1)            | 1 of 1 ✔
[10/46f9ac] length_filter (1)    | 9 of 9 ✔
[79/f3952f] LAST (1)             | 2 of 9
[4c/63bf67] extract (2)          | 2 of 2
[03/ddbd99] starcode_cluster (1) | 0 of 2
[-        ] lamassemble_cluster  -
[-        ] final_format         -

executor >  local (24)
[06/3a334e] initial_stats (1)    | 1 of 1 ✔
[61/970b8b] deconcat (1)         | 1 of 1 ✔
[28/8b14e5] demux (1)            | 1 of 1 ✔
[10/46f9ac] length_filter (1)    | 9 of 9 ✔
[79/f3952f] LAST (1)             | 2 of 9
[4c/63bf67] extract (2)          | 2 of 2
[03/ddbd99] starcode_cluster (1) | 0 of 2
[-        ] lamassemble_cluster  -
[-        ] final_format         -

executor >  local (25)
[06/3a334e] initial_stats (1)    | 1 of 1 ✔
[61/970b8b] deconcat (1)         | 1 of 1 ✔
[28/8b14e5] demux (1)            | 1 of 1 ✔
[10/46f9ac] length_filter (1)    | 9 of 9 ✔
[79/f3952f] LAST (1)             | 2 of 9
[4c/63bf67] extract (2)          | 2 of 2
[03/ddbd99] starcode_cluster (1) | 1 of 2
[-        ] lamassemble_cluster  | 0 of 1
[-        ] final_format         -

executor >  local (25)
[06/3a334e] initial_stats (1)    | 1 of 1 ✔
[61/970b8b] deconcat (1)         | 1 of 1 ✔
[28/8b14e5] demux (1)            | 1 of 1 ✔
[10/46f9ac] length_filter (1)    | 9 of 9 ✔
[79/f3952f] LAST (1)             | 2 of 9
[4c/63bf67] extract (2)          | 2 of 2
[03/ddbd99] starcode_cluster (1) | 1 of 2
[-        ] lamassemble_cluster  | 0 of 1
[-        ] final_format         -

executor >  local (26)
[06/3a334e] initial_stats (1)       | 1 of 1 ✔
[61/970b8b] deconcat (1)            | 1 of 1 ✔
[28/8b14e5] demux (1)               | 1 of 1 ✔
[10/46f9ac] length_filter (1)       | 9 of 9 ✔
[79/f3952f] LAST (1)                | 2 of 9
[4c/63bf67] extract (2)             | 2 of 2
[1b/9fb1b8] starcode_cluster (2)    | 2 of 2
[98/64a018] lamassemble_cluster (1) | 0 of 2
[-        ] final_format            -

executor >  local (27)
[06/3a334e] initial_stats (1)       | 1 of 1 ✔
[61/970b8b] deconcat (1)            | 1 of 1 ✔
[28/8b14e5] demux (1)               | 1 of 1 ✔
[10/46f9ac] length_filter (1)       | 9 of 9 ✔
[8b/c3bd11] LAST (3)                | 3 of 9
[4c/63bf67] extract (2)             | 2 of 3
[1b/9fb1b8] starcode_cluster (2)    | 2 of 2
[43/90112f] lamassemble_cluster (2) | 0 of 2
[-        ] final_format            -

executor >  local (28)
[06/3a334e] initial_stats (1)       | 1 of 1 ✔
[61/970b8b] deconcat (1)            | 1 of 1 ✔
[28/8b14e5] demux (1)               | 1 of 1 ✔
[10/46f9ac] length_filter (1)       | 9 of 9 ✔
[3b/c78d71] LAST (4)                | 4 of 9
[cd/0e6e38] extract (3)             | 2 of 4
[1b/9fb1b8] starcode_cluster (2)    | 2 of 2
[43/90112f] lamassemble_cluster (2) | 0 of 2
[-        ] final_format            -

executor >  local (29)
[06/3a334e] initial_stats (1)       | 1 of 1 ✔
[61/970b8b] deconcat (1)            | 1 of 1 ✔
[28/8b14e5] demux (1)               | 1 of 1 ✔
[10/46f9ac] length_filter (1)       | 9 of 9 ✔
[1c/2d835b] LAST (7)                | 5 of 9
[1f/9971fb] extract (4)             | 2 of 5
[1b/9fb1b8] starcode_cluster (2)    | 2 of 2
[43/90112f] lamassemble_cluster (2) | 0 of 2
[-        ] final_format            -

executor >  local (30)
[06/3a334e] initial_stats (1)       | 1 of 1 ✔
[61/970b8b] deconcat (1)            | 1 of 1 ✔
[28/8b14e5] demux (1)               | 1 of 1 ✔
[10/46f9ac] length_filter (1)       | 9 of 9 ✔
[1c/2d835b] LAST (7)                | 5 of 9
[d6/53a633] extract (5)             | 3 of 5
[1b/9fb1b8] starcode_cluster (2)    | 2 of 3
[43/90112f] lamassemble_cluster (2) | 0 of 2
[-        ] final_format            -

executor >  local (31)
[06/3a334e] initial_stats (1)       | 1 of 1 ✔
[61/970b8b] deconcat (1)            | 1 of 1 ✔
[28/8b14e5] demux (1)               | 1 of 1 ✔
[10/46f9ac] length_filter (1)       | 9 of 9 ✔
[1c/2d835b] LAST (7)                | 5 of 9
[1f/9971fb] extract (4)             | 4 of 5
[e5/bc6899] starcode_cluster (3)    | 2 of 4
[43/90112f] lamassemble_cluster (2) | 0 of 2
[-        ] final_format            -

executor >  local (31)
[06/3a334e] initial_stats (1)       | 1 of 1 ✔
[61/970b8b] deconcat (1)            | 1 of 1 ✔
[28/8b14e5] demux (1)               | 1 of 1 ✔
[10/46f9ac] length_filter (1)       | 9 of 9 ✔
[1c/2d835b] LAST (7)                | 5 of 9
[1f/9971fb] extract (4)             | 4 of 5
[e5/bc6899] starcode_cluster (3)    | 2 of 4
[43/90112f] lamassemble_cluster (2) | 0 of 2
[-        ] final_format            -

executor >  local (32)
[06/3a334e] initial_stats (1)       | 1 of 1 ✔
[61/970b8b] deconcat (1)            | 1 of 1 ✔
[28/8b14e5] demux (1)               | 1 of 1 ✔
[10/46f9ac] length_filter (1)       | 9 of 9 ✔
[1c/2d835b] LAST (7)                | 5 of 9
[1f/9971fb] extract (4)             | 4 of 5
[9e/4d766a] starcode_cluster (4)    | 3 of 4
[43/90112f] lamassemble_cluster (2) | 0 of 3
[-        ] final_format            -

executor >  local (33)
[06/3a334e] initial_stats (1)       | 1 of 1 ✔
[61/970b8b] deconcat (1)            | 1 of 1 ✔
[28/8b14e5] demux (1)               | 1 of 1 ✔
[10/46f9ac] length_filter (1)       | 9 of 9 ✔
[1c/2d835b] LAST (7)                | 5 of 9
[1f/9971fb] extract (4)             | 4 of 5
[9e/4d766a] starcode_cluster (4)    | 4 of 4
[d6/a591cc] lamassemble_cluster (3) | 0 of 4
[-        ] final_format            -

executor >  local (34)
[06/3a334e] initial_stats (1)       | 1 of 1 ✔
[61/970b8b] deconcat (1)            | 1 of 1 ✔
[28/8b14e5] demux (1)               | 1 of 1 ✔
[10/46f9ac] length_filter (1)       | 9 of 9 ✔
[1c/2d835b] LAST (7)                | 5 of 9
[d6/53a633] extract (5)             | 5 of 5
[9e/4d766a] starcode_cluster (4)    | 4 of 5
[bc/4a04d7] lamassemble_cluster (4) | 0 of 4
[-        ] final_format            -

executor >  local (35)
[06/3a334e] initial_stats (1)       | 1 of 1 ✔
[61/970b8b] deconcat (1)            | 1 of 1 ✔
[28/8b14e5] demux (1)               | 1 of 1 ✔
[10/46f9ac] length_filter (1)       | 9 of 9 ✔
[36/72ee6d] LAST (5)                | 6 of 9
[d6/53a633] extract (5)             | 5 of 6
[1c/d2c21d] starcode_cluster (5)    | 4 of 5
[bc/4a04d7] lamassemble_cluster (4) | 0 of 4
[-        ] final_format            -

executor >  local (36)
[06/3a334e] initial_stats (1)       | 1 of 1 ✔
[61/970b8b] deconcat (1)            | 1 of 1 ✔
[28/8b14e5] demux (1)               | 1 of 1 ✔
[10/46f9ac] length_filter (1)       | 9 of 9 ✔
[36/72ee6d] LAST (5)                | 6 of 9
[ef/778a53] extract (6)             | 5 of 6
[1c/d2c21d] starcode_cluster (5)    | 5 of 5
[bc/4a04d7] lamassemble_cluster (4) | 0 of 5
[-        ] final_format            -

executor >  local (37)
[06/3a334e] initial_stats (1)       | 1 of 1 ✔
[61/970b8b] deconcat (1)            | 1 of 1 ✔
[28/8b14e5] demux (1)               | 1 of 1 ✔
[10/46f9ac] length_filter (1)       | 9 of 9 ✔
[36/72ee6d] LAST (5)                | 6 of 9
[ef/778a53] extract (6)             | 5 of 6
[1c/d2c21d] starcode_cluster (5)    | 5 of 5
[1f/eed0be] lamassemble_cluster (5) | 0 of 5
[-        ] final_format            -

executor >  local (37)
[06/3a334e] initial_stats (1)       | 1 of 1 ✔
[61/970b8b] deconcat (1)            | 1 of 1 ✔
[28/8b14e5] demux (1)               | 1 of 1 ✔
[10/46f9ac] length_filter (1)       | 9 of 9 ✔
[36/72ee6d] LAST (5)                | 6 of 9
[ef/778a53] extract (6)             | 6 of 6
[1c/d2c21d] starcode_cluster (5)    | 5 of 6
[1f/eed0be] lamassemble_cluster (5) | 0 of 5
[-        ] final_format            -

executor >  local (38)
[06/3a334e] initial_stats (1)       | 1 of 1 ✔
[61/970b8b] deconcat (1)            | 1 of 1 ✔
[28/8b14e5] demux (1)               | 1 of 1 ✔
[10/46f9ac] length_filter (1)       | 9 of 9 ✔
[36/72ee6d] LAST (5)                | 6 of 9
[ef/778a53] extract (6)             | 6 of 6
[1c/d2c21d] starcode_cluster (5)    | 5 of 6
[1f/eed0be] lamassemble_cluster (5) | 0 of 5
[-        ] final_format            -

executor >  local (38)
[06/3a334e] initial_stats (1)       | 1 of 1 ✔
[61/970b8b] deconcat (1)            | 1 of 1 ✔
[28/8b14e5] demux (1)               | 1 of 1 ✔
[10/46f9ac] length_filter (1)       | 9 of 9 ✔
[36/72ee6d] LAST (5)                | 6 of 9
[ef/778a53] extract (6)             | 6 of 6
[0e/e17033] starcode_cluster (6)    | 5 of 6
[43/90112f] lamassemble_cluster (2) | 1 of 5
[-        ] final_format            | 0 of 1

executor >  local (39)
[06/3a334e] initial_stats (1)       | 1 of 1 ✔
[61/970b8b] deconcat (1)            | 1 of 1 ✔
[28/8b14e5] demux (1)               | 1 of 1 ✔
[10/46f9ac] length_filter (1)       | 9 of 9 ✔
[36/72ee6d] LAST (5)                | 6 of 9
[ef/778a53] extract (6)             | 6 of 6
[0e/e17033] starcode_cluster (6)    | 6 of 6
[43/90112f] lamassemble_cluster (2) | 1 of 6
[c3/b91121] final_format (1)        | 0 of 1

executor >  local (40)
[06/3a334e] initial_stats (1)       | 1 of 1 ✔
[61/970b8b] deconcat (1)            | 1 of 1 ✔
[28/8b14e5] demux (1)               | 1 of 1 ✔
[10/46f9ac] length_filter (1)       | 9 of 9 ✔
[36/72ee6d] LAST (5)                | 6 of 9
[ef/778a53] extract (6)             | 6 of 6
[0e/e17033] starcode_cluster (6)    | 6 of 6
[8b/c626d8] lamassemble_cluster (6) | 1 of 6
[c3/b91121] final_format (1)        | 1 of 1

executor >  local (40)
[06/3a334e] initial_stats (1)       | 1 of 1 ✔
[61/970b8b] deconcat (1)            | 1 of 1 ✔
[28/8b14e5] demux (1)               | 1 of 1 ✔
[10/46f9ac] length_filter (1)       | 9 of 9 ✔
[36/72ee6d] LAST (5)                | 6 of 9
[ef/778a53] extract (6)             | 6 of 6
[0e/e17033] starcode_cluster (6)    | 6 of 6
[8b/c626d8] lamassemble_cluster (6) | 1 of 6
[c3/b91121] final_format (1)        | 1 of 1

executor >  local (41)
[06/3a334e] initial_stats (1)       | 1 of 1 ✔
[61/970b8b] deconcat (1)            | 1 of 1 ✔
[28/8b14e5] demux (1)               | 1 of 1 ✔
[10/46f9ac] length_filter (1)       | 9 of 9 ✔
[9c/43b711] LAST (6)                | 7 of 9
[ef/a0db41] extract (7)             | 6 of 7
[0e/e17033] starcode_cluster (6)    | 6 of 6
[8b/c626d8] lamassemble_cluster (6) | 1 of 6
[c3/b91121] final_format (1)        | 1 of 1

executor >  local (42)
[06/3a334e] initial_stats (1)       | 1 of 1 ✔
[61/970b8b] deconcat (1)            | 1 of 1 ✔
[28/8b14e5] demux (1)               | 1 of 1 ✔
[10/46f9ac] length_filter (1)       | 9 of 9 ✔
[9c/43b711] LAST (6)                | 7 of 9
[ef/a0db41] extract (7)             | 6 of 7
[0e/e17033] starcode_cluster (6)    | 6 of 6
[d6/a591cc] lamassemble_cluster (3) | 2 of 6
[33/00025f] final_format (2)        | 1 of 2

executor >  local (42)
[06/3a334e] initial_stats (1)       | 1 of 1 ✔
[61/970b8b] deconcat (1)            | 1 of 1 ✔
[28/8b14e5] demux (1)               | 1 of 1 ✔
[10/46f9ac] length_filter (1)       | 9 of 9 ✔
[9c/43b711] LAST (6)                | 7 of 9
[ef/a0db41] extract (7)             | 6 of 7
[0e/e17033] starcode_cluster (6)    | 6 of 6
[d6/a591cc] lamassemble_cluster (3) | 2 of 6
[33/00025f] final_format (2)        | 2 of 2

executor >  local (43)
[06/3a334e] initial_stats (1)       | 1 of 1 ✔
[61/970b8b] deconcat (1)            | 1 of 1 ✔
[28/8b14e5] demux (1)               | 1 of 1 ✔
[10/46f9ac] length_filter (1)       | 9 of 9 ✔
[9c/43b711] LAST (6)                | 7 of 9
[ef/a0db41] extract (7)             | 6 of 7
[0e/e17033] starcode_cluster (6)    | 6 of 6
[98/64a018] lamassemble_cluster (1) | 3 of 6
[8b/99fef6] final_format (3)        | 2 of 3

executor >  local (43)
[06/3a334e] initial_stats (1)       | 1 of 1 ✔
[61/970b8b] deconcat (1)            | 1 of 1 ✔
[28/8b14e5] demux (1)               | 1 of 1 ✔
[10/46f9ac] length_filter (1)       | 9 of 9 ✔
[9c/43b711] LAST (6)                | 7 of 9
[ef/a0db41] extract (7)             | 6 of 7
[0e/e17033] starcode_cluster (6)    | 6 of 6
[98/64a018] lamassemble_cluster (1) | 3 of 6
[8b/99fef6] final_format (3)        | 3 of 3

executor >  local (43)
[06/3a334e] initial_stats (1)       | 1 of 1 ✔
[61/970b8b] deconcat (1)            | 1 of 1 ✔
[28/8b14e5] demux (1)               | 1 of 1 ✔
[10/46f9ac] length_filter (1)       | 9 of 9 ✔
[9c/43b711] LAST (6)                | 7 of 9
[ef/a0db41] extract (7)             | 7 of 7
[0e/e17033] starcode_cluster (6)    | 6 of 7
[98/64a018] lamassemble_cluster (1) | 3 of 6
[8b/99fef6] final_format (3)        | 3 of 3

executor >  local (44)
[06/3a334e] initial_stats (1)       | 1 of 1 ✔
[61/970b8b] deconcat (1)            | 1 of 1 ✔
[28/8b14e5] demux (1)               | 1 of 1 ✔
[10/46f9ac] length_filter (1)       | 9 of 9 ✔
[9c/43b711] LAST (6)                | 7 of 9
[ef/a0db41] extract (7)             | 7 of 7
[77/1e7134] starcode_cluster (7)    | 6 of 7
[98/64a018] lamassemble_cluster (1) | 3 of 6
[8b/99fef6] final_format (3)        | 3 of 3

executor >  local (45)
[06/3a334e] initial_stats (1)       | 1 of 1 ✔
[61/970b8b] deconcat (1)            | 1 of 1 ✔
[28/8b14e5] demux (1)               | 1 of 1 ✔
[10/46f9ac] length_filter (1)       | 9 of 9 ✔
[9c/43b711] LAST (6)                | 7 of 9
[ef/a0db41] extract (7)             | 7 of 7
[77/1e7134] starcode_cluster (7)    | 7 of 7
[d3/86c733] lamassemble_cluster (7) | 3 of 7
[8b/99fef6] final_format (3)        | 3 of 3

executor >  local (45)
[06/3a334e] initial_stats (1)       | 1 of 1 ✔
[61/970b8b] deconcat (1)            | 1 of 1 ✔
[28/8b14e5] demux (1)               | 1 of 1 ✔
[10/46f9ac] length_filter (1)       | 9 of 9 ✔
[9c/43b711] LAST (6)                | 7 of 9
[ef/a0db41] extract (7)             | 7 of 7
[77/1e7134] starcode_cluster (7)    | 7 of 7
[d3/86c733] lamassemble_cluster (7) | 3 of 7
[8b/99fef6] final_format (3)        | 3 of 3

executor >  local (46)
[06/3a334e] initial_stats (1)       | 1 of 1 ✔
[61/970b8b] deconcat (1)            | 1 of 1 ✔
[28/8b14e5] demux (1)               | 1 of 1 ✔
[10/46f9ac] length_filter (1)       | 9 of 9 ✔
[9c/43b711] LAST (6)                | 7 of 9
[ef/a0db41] extract (7)             | 7 of 7
[77/1e7134] starcode_cluster (7)    | 7 of 7
[1f/eed0be] lamassemble_cluster (5) | 4 of 7
[2f/9a098d] final_format (4)        | 3 of 4

executor >  local (46)
[06/3a334e] initial_stats (1)       | 1 of 1 ✔
[61/970b8b] deconcat (1)            | 1 of 1 ✔
[28/8b14e5] demux (1)               | 1 of 1 ✔
[10/46f9ac] length_filter (1)       | 9 of 9 ✔
[9c/43b711] LAST (6)                | 7 of 9
[ef/a0db41] extract (7)             | 7 of 7
[77/1e7134] starcode_cluster (7)    | 7 of 7
[1f/eed0be] lamassemble_cluster (5) | 4 of 7
[2f/9a098d] final_format (4)        | 4 of 4

executor >  local (47)
[06/3a334e] initial_stats (1)       | 1 of 1 ✔
[61/970b8b] deconcat (1)            | 1 of 1 ✔
[28/8b14e5] demux (1)               | 1 of 1 ✔
[10/46f9ac] length_filter (1)       | 9 of 9 ✔
[9c/43b711] LAST (6)                | 7 of 9
[ef/a0db41] extract (7)             | 7 of 7
[77/1e7134] starcode_cluster (7)    | 7 of 7
[bc/4a04d7] lamassemble_cluster (4) | 5 of 7
[bf/765497] final_format (5)        | 4 of 5

executor >  local (47)
[06/3a334e] initial_stats (1)       | 1 of 1 ✔
[61/970b8b] deconcat (1)            | 1 of 1 ✔
[28/8b14e5] demux (1)               | 1 of 1 ✔
[10/46f9ac] length_filter (1)       | 9 of 9 ✔
[9c/43b711] LAST (6)                | 7 of 9
[ef/a0db41] extract (7)             | 7 of 7
[77/1e7134] starcode_cluster (7)    | 7 of 7
[bc/4a04d7] lamassemble_cluster (4) | 5 of 7
[bf/765497] final_format (5)        | 4 of 5

executor >  local (47)
[06/3a334e] initial_stats (1)       | 1 of 1 ✔
[61/970b8b] deconcat (1)            | 1 of 1 ✔
[28/8b14e5] demux (1)               | 1 of 1 ✔
[10/46f9ac] length_filter (1)       | 9 of 9 ✔
[9c/43b711] LAST (6)                | 7 of 9
[ef/a0db41] extract (7)             | 7 of 7
[77/1e7134] starcode_cluster (7)    | 7 of 7
[bc/4a04d7] lamassemble_cluster (4) | 5 of 7
[bf/765497] final_format (5)        | 5 of 5

executor >  local (48)
[06/3a334e] initial_stats (1)       | 1 of 1 ✔
[61/970b8b] deconcat (1)            | 1 of 1 ✔
[28/8b14e5] demux (1)               | 1 of 1 ✔
[10/46f9ac] length_filter (1)       | 9 of 9 ✔
[9c/43b711] LAST (6)                | 7 of 9
[ef/a0db41] extract (7)             | 7 of 7
[77/1e7134] starcode_cluster (7)    | 7 of 7
[8b/c626d8] lamassemble_cluster (6) | 6 of 7
[db/9c1bb8] final_format (6)        | 5 of 6

executor >  local (48)
[06/3a334e] initial_stats (1)       | 1 of 1 ✔
[61/970b8b] deconcat (1)            | 1 of 1 ✔
[28/8b14e5] demux (1)               | 1 of 1 ✔
[10/46f9ac] length_filter (1)       | 9 of 9 ✔
[9c/43b711] LAST (6)                | 7 of 9
[ef/a0db41] extract (7)             | 7 of 7
[77/1e7134] starcode_cluster (7)    | 7 of 7
[8b/c626d8] lamassemble_cluster (6) | 6 of 7
[db/9c1bb8] final_format (6)        | 5 of 6

executor >  local (48)
[06/3a334e] initial_stats (1)       | 1 of 1 ✔
[61/970b8b] deconcat (1)            | 1 of 1 ✔
[28/8b14e5] demux (1)               | 1 of 1 ✔
[10/46f9ac] length_filter (1)       | 9 of 9 ✔
[9c/43b711] LAST (6)                | 7 of 9
[ef/a0db41] extract (7)             | 7 of 7
[77/1e7134] starcode_cluster (7)    | 7 of 7
[8b/c626d8] lamassemble_cluster (6) | 6 of 7
[db/9c1bb8] final_format (6)        | 6 of 6

executor >  local (49)
[06/3a334e] initial_stats (1)       | 1 of 1 ✔
[61/970b8b] deconcat (1)            | 1 of 1 ✔
[28/8b14e5] demux (1)               | 1 of 1 ✔
[10/46f9ac] length_filter (1)       | 9 of 9 ✔
[08/6ceaa1] LAST (8)                | 8 of 9
[7c/f665bd] extract (8)             | 7 of 8
[77/1e7134] starcode_cluster (7)    | 7 of 7
[8b/c626d8] lamassemble_cluster (6) | 6 of 7
[db/9c1bb8] final_format (6)        | 6 of 6

executor >  local (50)
[06/3a334e] initial_stats (1)       | 1 of 1 ✔
[61/970b8b] deconcat (1)            | 1 of 1 ✔
[28/8b14e5] demux (1)               | 1 of 1 ✔
[10/46f9ac] length_filter (1)       | 9 of 9 ✔
[08/6ceaa1] LAST (8)                | 8 of 9
[7c/f665bd] extract (8)             | 7 of 8
[77/1e7134] starcode_cluster (7)    | 7 of 7
[d3/86c733] lamassemble_cluster (7) | 7 of 7
[cf/413861] final_format (7)        | 6 of 7

executor >  local (50)
[06/3a334e] initial_stats (1)       | 1 of 1 ✔
[61/970b8b] deconcat (1)            | 1 of 1 ✔
[28/8b14e5] demux (1)               | 1 of 1 ✔
[10/46f9ac] length_filter (1)       | 9 of 9 ✔
[08/6ceaa1] LAST (8)                | 8 of 9
[7c/f665bd] extract (8)             | 7 of 8
[77/1e7134] starcode_cluster (7)    | 7 of 7
[d3/86c733] lamassemble_cluster (7) | 7 of 7
[cf/413861] final_format (7)        | 6 of 7

executor >  local (50)
[06/3a334e] initial_stats (1)       | 1 of 1 ✔
[61/970b8b] deconcat (1)            | 1 of 1 ✔
[28/8b14e5] demux (1)               | 1 of 1 ✔
[10/46f9ac] length_filter (1)       | 9 of 9 ✔
[08/6ceaa1] LAST (8)                | 8 of 9
[7c/f665bd] extract (8)             | 7 of 8
[77/1e7134] starcode_cluster (7)    | 7 of 7
[d3/86c733] lamassemble_cluster (7) | 7 of 7
[cf/413861] final_format (7)        | 7 of 7

executor >  local (51)
[06/3a334e] initial_stats (1)       | 1 of 1 ✔
[61/970b8b] deconcat (1)            | 1 of 1 ✔
[28/8b14e5] demux (1)               | 1 of 1 ✔
[10/46f9ac] length_filter (1)       | 9 of 9 ✔
[08/6ceaa1] LAST (8)                | 8 of 9
[7c/f665bd] extract (8)             | 8 of 8
[98/dbbd42] starcode_cluster (8)    | 7 of 8
[d3/86c733] lamassemble_cluster (7) | 7 of 7
[cf/413861] final_format (7)        | 7 of 7

executor >  local (52)
[06/3a334e] initial_stats (1)       | 1 of 1 ✔
[61/970b8b] deconcat (1)            | 1 of 1 ✔
[28/8b14e5] demux (1)               | 1 of 1 ✔
[10/46f9ac] length_filter (1)       | 9 of 9 ✔
[08/6ceaa1] LAST (8)                | 8 of 9
[7c/f665bd] extract (8)             | 8 of 8
[98/dbbd42] starcode_cluster (8)    | 8 of 8
[48/1d5c16] lamassemble_cluster (8) | 7 of 8
[cf/413861] final_format (7)        | 7 of 7

executor >  local (53)
[06/3a334e] initial_stats (1)       | 1 of 1 ✔
[61/970b8b] deconcat (1)            | 1 of 1 ✔
[28/8b14e5] demux (1)               | 1 of 1 ✔
[10/46f9ac] length_filter (1)       | 9 of 9 ✔
[08/6ceaa1] LAST (8)                | 8 of 9
[7c/f665bd] extract (8)             | 8 of 8
[98/dbbd42] starcode_cluster (8)    | 8 of 8
[48/1d5c16] lamassemble_cluster (8) | 8 of 8
[e2/5a38a4] final_format (8)        | 7 of 8

executor >  local (53)
[06/3a334e] initial_stats (1)       | 1 of 1 ✔
[61/970b8b] deconcat (1)            | 1 of 1 ✔
[28/8b14e5] demux (1)               | 1 of 1 ✔
[10/46f9ac] length_filter (1)       | 9 of 9 ✔
[08/6ceaa1] LAST (8)                | 8 of 9
[7c/f665bd] extract (8)             | 8 of 8
[98/dbbd42] starcode_cluster (8)    | 8 of 8
[48/1d5c16] lamassemble_cluster (8) | 8 of 8
[e2/5a38a4] final_format (8)        | 8 of 8

executor >  local (53)
[06/3a334e] initial_stats (1)       | 1 of 1 ✔
[61/970b8b] deconcat (1)            | 1 of 1 ✔
[28/8b14e5] demux (1)               | 1 of 1 ✔
[10/46f9ac] length_filter (1)       | 9 of 9 ✔
[15/73f672] LAST (9)                | 9 of 9 ✔
[7c/f665bd] extract (8)             | 8 of 9
[98/dbbd42] starcode_cluster (8)    | 8 of 8
[48/1d5c16] lamassemble_cluster (8) | 8 of 8
[e2/5a38a4] final_format (8)        | 8 of 8

executor >  local (54)
[06/3a334e] initial_stats (1)       | 1 of 1 ✔
[61/970b8b] deconcat (1)            | 1 of 1 ✔
[28/8b14e5] demux (1)               | 1 of 1 ✔
[10/46f9ac] length_filter (1)       | 9 of 9 ✔
[15/73f672] LAST (9)                | 9 of 9 ✔
[16/75e0b2] extract (9)             | 8 of 9
[98/dbbd42] starcode_cluster (8)    | 8 of 8
[48/1d5c16] lamassemble_cluster (8) | 8 of 8
[e2/5a38a4] final_format (8)        | 8 of 8

executor >  local (55)
[06/3a334e] initial_stats (1)       | 1 of 1 ✔
[61/970b8b] deconcat (1)            | 1 of 1 ✔
[28/8b14e5] demux (1)               | 1 of 1 ✔
[10/46f9ac] length_filter (1)       | 9 of 9 ✔
[15/73f672] LAST (9)                | 9 of 9 ✔
[16/75e0b2] extract (9)             | 9 of 9 ✔
[d8/0675d0] starcode_cluster (9)    | 8 of 9
[48/1d5c16] lamassemble_cluster (8) | 8 of 8
[e2/5a38a4] final_format (8)        | 8 of 8

executor >  local (56)
[06/3a334e] initial_stats (1)       | 1 of 1 ✔
[61/970b8b] deconcat (1)            | 1 of 1 ✔
[28/8b14e5] demux (1)               | 1 of 1 ✔
[10/46f9ac] length_filter (1)       | 9 of 9 ✔
[15/73f672] LAST (9)                | 9 of 9 ✔
[16/75e0b2] extract (9)             | 9 of 9 ✔
[d8/0675d0] starcode_cluster (9)    | 9 of 9 ✔
[75/1027ec] lamassemble_cluster (9) | 8 of 9
[e2/5a38a4] final_format (8)        | 8 of 8

executor >  local (57)
[06/3a334e] initial_stats (1)       | 1 of 1 ✔
[61/970b8b] deconcat (1)            | 1 of 1 ✔
[28/8b14e5] demux (1)               | 1 of 1 ✔
[10/46f9ac] length_filter (1)       | 9 of 9 ✔
[15/73f672] LAST (9)                | 9 of 9 ✔
[16/75e0b2] extract (9)             | 9 of 9 ✔
[d8/0675d0] starcode_cluster (9)    | 9 of 9 ✔
[75/1027ec] lamassemble_cluster (9) | 9 of 9 ✔
[91/6e7c5e] final_format (9)        | 8 of 9

executor >  local (57)
[06/3a334e] initial_stats (1)       | 1 of 1 ✔
[61/970b8b] deconcat (1)            | 1 of 1 ✔
[28/8b14e5] demux (1)               | 1 of 1 ✔
[10/46f9ac] length_filter (1)       | 9 of 9 ✔
[15/73f672] LAST (9)                | 9 of 9 ✔
[16/75e0b2] extract (9)             | 9 of 9 ✔
[d8/0675d0] starcode_cluster (9)    | 9 of 9 ✔
[75/1027ec] lamassemble_cluster (9) | 9 of 9 ✔
[91/6e7c5e] final_format (9)        | 9 of 9 ✔

executor >  local (57)
[06/3a334e] initial_stats (1)       | 1 of 1 ✔
[61/970b8b] deconcat (1)            | 1 of 1 ✔
[28/8b14e5] demux (1)               | 1 of 1 ✔
[10/46f9ac] length_filter (1)       | 9 of 9 ✔
[15/73f672] LAST (9)                | 9 of 9 ✔
[16/75e0b2] extract (9)             | 9 of 9 ✔
[d8/0675d0] starcode_cluster (9)    | 9 of 9 ✔
[75/1027ec] lamassemble_cluster (9) | 9 of 9 ✔
[91/6e7c5e] final_format (9)        | 9 of 9 ✔
Completed at: 10-Mar-2025 07:31:50
Duration    : 7h 46m 47s
CPU hours   : 10.6
Succeeded   : 57


